2020-08-18 21:08:25,501 INFO p.e.s.SpAngApplication [main] Starting SpAngApplication on S4Pedagog with PID 8236 (C:\Users\NEWPC3\IdeaProjects\sp_ang\target\classes started by NEWPC3 in C:\Users\NEWPC3\IdeaProjects\sp_ang)
2020-08-18 21:08:25,509 DEBUG p.e.s.SpAngApplication [main] Running with Spring Boot v2.3.3.RELEASE, Spring v5.2.8.RELEASE
2020-08-18 21:08:25,510 INFO p.e.s.SpAngApplication [main] No active profile set, falling back to default profiles: default
2020-08-18 21:08:26,569 INFO p.e.s.SpAngApplication [main] Started SpAngApplication in 1.532 seconds (JVM running for 3.377)
2020-08-18 21:08:51,890 DEBUG p.e.s.MyRestController [http-nio-8080-exec-1] A DEBUG Message
2020-08-18 21:08:51,890 INFO p.e.s.MyRestController [http-nio-8080-exec-1] An INFO Message
2020-08-18 21:08:51,890 WARN p.e.s.MyRestController [http-nio-8080-exec-1] A WARN Message
2020-08-18 21:08:51,890 ERROR p.e.s.MyRestController [http-nio-8080-exec-1] An ERROR Message
2020-08-18 21:26:35.781  INFO S4Pedagog --- [           main] p.e.s.SpAngApplication                   : Starting SpAngApplication on S4Pedagog with PID 11776 (C:\Users\NEWPC3\IdeaProjects\sp_ang\target\classes started by NEWPC3 in C:\Users\NEWPC3\IdeaProjects\sp_ang)
2020-08-18 21:26:35.792  INFO S4Pedagog --- [           main] p.e.s.SpAngApplication                   : No active profile set, falling back to default profiles: default
2020-08-18 21:26:36.751  INFO S4Pedagog --- [           main] o.s.b.w.e.t.TomcatWebServer              : Tomcat initialized with port(s): 8080 (http)
2020-08-18 21:26:36.768  INFO S4Pedagog --- [           main] o.a.c.h.Http11NioProtocol                : Initializing ProtocolHandler ["http-nio-8080"]
2020-08-18 21:26:36.768  INFO S4Pedagog --- [           main] o.a.c.c.StandardService                  : Starting service [Tomcat]
2020-08-18 21:26:36.769  INFO S4Pedagog --- [           main] o.a.c.c.StandardEngine                   : Starting Servlet engine: [Apache Tomcat/9.0.37]
2020-08-18 21:26:36.857  INFO S4Pedagog --- [           main] o.a.c.c.C.[.[.[/]                        : Initializing Spring embedded WebApplicationContext
2020-08-18 21:26:36.857  INFO S4Pedagog --- [           main] w.s.c.ServletWebServerApplicationContext : Root WebApplicationContext: initialization completed in 1007 ms
2020-08-18 21:26:37.000  INFO S4Pedagog --- [           main] o.s.s.c.ThreadPoolTaskExecutor           : Initializing ExecutorService 'applicationTaskExecutor'
2020-08-18 21:26:37.152  INFO S4Pedagog --- [           main] o.a.c.h.Http11NioProtocol                : Starting ProtocolHandler ["http-nio-8080"]
2020-08-18 21:26:37.171  INFO S4Pedagog --- [           main] o.s.b.w.e.t.TomcatWebServer              : Tomcat started on port(s): 8080 (http) with context path ''
2020-08-18 21:26:37.182  INFO S4Pedagog --- [           main] p.e.s.SpAngApplication                   : Started SpAngApplication in 2.122 seconds (JVM running for 3.816)
2020-08-18 21:26:52.918  INFO S4Pedagog --- [           main] p.e.s.SpAngApplication                   : Starting SpAngApplication on S4Pedagog with PID 5032 (C:\Users\NEWPC3\IdeaProjects\sp_ang\target\classes started by NEWPC3 in C:\Users\NEWPC3\IdeaProjects\sp_ang)
2020-08-18 21:26:52.938  INFO S4Pedagog --- [           main] p.e.s.SpAngApplication                   : No active profile set, falling back to default profiles: default
2020-08-18 21:26:53.979  INFO S4Pedagog --- [           main] o.s.b.w.e.t.TomcatWebServer              : Tomcat initialized with port(s): 8080 (http)
2020-08-18 21:26:53.993  INFO S4Pedagog --- [           main] o.a.c.h.Http11NioProtocol                : Initializing ProtocolHandler ["http-nio-8080"]
2020-08-18 21:26:53.994  INFO S4Pedagog --- [           main] o.a.c.c.StandardService                  : Starting service [Tomcat]
2020-08-18 21:26:53.994  INFO S4Pedagog --- [           main] o.a.c.c.StandardEngine                   : Starting Servlet engine: [Apache Tomcat/9.0.37]
2020-08-18 21:26:54.071  INFO S4Pedagog --- [           main] o.a.c.c.C.[.[.[/]                        : Initializing Spring embedded WebApplicationContext
2020-08-18 21:26:54.072  INFO S4Pedagog --- [           main] w.s.c.ServletWebServerApplicationContext : Root WebApplicationContext: initialization completed in 1043 ms
2020-08-18 21:26:54.216  INFO S4Pedagog --- [           main] o.s.s.c.ThreadPoolTaskExecutor           : Initializing ExecutorService 'applicationTaskExecutor'
2020-08-18 21:26:54.342  INFO S4Pedagog --- [           main] o.a.c.h.Http11NioProtocol                : Starting ProtocolHandler ["http-nio-8080"]
2020-08-18 21:26:54.360  INFO S4Pedagog --- [           main] o.s.b.w.e.t.TomcatWebServer              : Tomcat started on port(s): 8080 (http) with context path ''
2020-08-18 21:26:54.367  INFO S4Pedagog --- [           main] p.e.s.SpAngApplication                   : Started SpAngApplication in 2.141 seconds (JVM running for 3.697)
2020-08-18 21:27:34.967  INFO S4Pedagog --- [           main] p.e.s.SpAngApplication                   : Starting SpAngApplication on S4Pedagog with PID 13980 (C:\Users\NEWPC3\IdeaProjects\sp_ang\target\classes started by NEWPC3 in C:\Users\NEWPC3\IdeaProjects\sp_ang)
2020-08-18 21:27:35.001  INFO S4Pedagog --- [           main] p.e.s.SpAngApplication                   : No active profile set, falling back to default profiles: default
2020-08-18 21:27:35.768  INFO S4Pedagog --- [           main] o.s.b.w.e.t.TomcatWebServer              : Tomcat initialized with port(s): 8080 (http)
2020-08-18 21:27:35.782  INFO S4Pedagog --- [           main] o.a.c.h.Http11NioProtocol                : Initializing ProtocolHandler ["http-nio-8080"]
2020-08-18 21:27:35.782  INFO S4Pedagog --- [           main] o.a.c.c.StandardService                  : Starting service [Tomcat]
2020-08-18 21:27:35.783  INFO S4Pedagog --- [           main] o.a.c.c.StandardEngine                   : Starting Servlet engine: [Apache Tomcat/9.0.37]
2020-08-18 21:27:35.861  INFO S4Pedagog --- [           main] o.a.c.c.C.[.[.[/]                        : Initializing Spring embedded WebApplicationContext
2020-08-18 21:27:35.861  INFO S4Pedagog --- [           main] w.s.c.ServletWebServerApplicationContext : Root WebApplicationContext: initialization completed in 738 ms
2020-08-18 21:27:36.006  INFO S4Pedagog --- [           main] o.s.s.c.ThreadPoolTaskExecutor           : Initializing ExecutorService 'applicationTaskExecutor'
2020-08-18 21:27:36.138  INFO S4Pedagog --- [           main] o.a.c.h.Http11NioProtocol                : Starting ProtocolHandler ["http-nio-8080"]
2020-08-18 21:27:36.156  INFO S4Pedagog --- [           main] o.s.b.w.e.t.TomcatWebServer              : Tomcat started on port(s): 8080 (http) with context path ''
2020-08-18 21:27:36.164  INFO S4Pedagog --- [           main] p.e.s.SpAngApplication                   : Started SpAngApplication in 1.688 seconds (JVM running for 3.089)
2020-08-18 21:27:46.932  INFO S4Pedagog --- [nio-8080-exec-1] o.a.c.c.C.[.[.[/]                        : Initializing Spring DispatcherServlet 'dispatcherServlet'
2020-08-18 21:27:46.933  INFO S4Pedagog --- [nio-8080-exec-1] o.s.w.s.DispatcherServlet                : Initializing Servlet 'dispatcherServlet'
2020-08-18 21:27:46.937  INFO S4Pedagog --- [nio-8080-exec-1] o.s.w.s.DispatcherServlet                : Completed initialization in 4 ms
2020-08-18 21:27:46.959  INFO S4Pedagog --- [nio-8080-exec-1] p.e.s.MyRestController                   : An INFO Message
2020-08-18 21:27:46.959  WARN S4Pedagog --- [nio-8080-exec-1] p.e.s.MyRestController                   : A WARN Message
2020-08-18 21:27:46.959 ERROR S4Pedagog --- [nio-8080-exec-1] p.e.s.MyRestController                   : An ERROR Message
